<?xml version="1.0" encoding="UTF-8" ?>
<testsuites disabled="0" errors="0" failures="0" tests="1" time="33.502">
 <testsuite name="Perform Search Operation in Search box" timestamp="2019-11-13T10:33:28" hostname="localhost" time="33.502" errors="0" tests="1" skipped="0" disabled="0" failures="0">
  <testcase classname="Perform Search Operation in Search box" name="Should search and display results" time="33.497" />
 </testsuite>
</testsuites>