<?xml version="1.0" encoding="UTF-8" ?>
<testsuites disabled="0" errors="0" failures="0" tests="1" time="33.904">
 <testsuite name="Perform Search Operation in Search box" timestamp="2019-11-15T16:53:06" hostname="localhost" time="33.904" errors="0" tests="1" skipped="0" disabled="0" failures="0">
  <testcase classname="Perform Search Operation in Search box" name="Should search and display results" time="33.899" />
 </testsuite>
</testsuites>